Dispatcher selected state size 1.
This is a unit task.
Simplifying transitions... done!
Conducting best first search with reopening closed nodes, (real) bound = 2147483647
Initializing landmark cut heuristic...
f = 3 [1 evaluated, 0 expanded, t=0.08s]
Best heuristic value: 3 [g=0, 1 evaluated, 0 expanded, t=0.08s]
Best heuristic value: 2 [g=1, 3 evaluated, 1 expanded, t=0.1s]
Best heuristic value: 1 [g=2, 7 evaluated, 2 expanded, t=0.1s]
Best heuristic value: 0 [g=3, 11 evaluated, 3 expanded, t=0.1s]
Solution found!
Actual search time: 0.02s [t=0.1s]
vspin_3or4 car0 x10 x00 x11 (1)
hspin_3or4 car0 x10 x11 x20 (1)
vmovebackward car0 x10 x20 x30 (1)
Plan length: 3 step(s).
Plan cost: 3
Initial state h value: 3.
Expanded 4 state(s).
Reopened 0 state(s).
Evaluated 11 state(s).
Evaluations: 11
Generated 12 state(s).
Dead ends: 0 state(s).
Expanded until last jump: 0 state(s).
Reopened until last jump: 0 state(s).
Evaluated until last jump: 1 state(s).
Generated until last jump: 0 state(s).
Search space hash size: 11
Search space hash bucket count: 193
Search time: 0.02s
Total time: 0.1s
Peak memory: 4640 KB
