Dispatcher selected state size 1.
This is a unit task.
Simplifying transitions... done!
Conducting best first search with reopening closed nodes, (real) bound = 2147483647
Initializing landmark cut heuristic...
f = 7 [1 evaluated, 0 expanded, t=0.34s]
Best heuristic value: 7 [g=0, 1 evaluated, 0 expanded, t=0.34s]
Best heuristic value: 6 [g=1, 2 evaluated, 1 expanded, t=0.34s]
Best heuristic value: 5 [g=2, 17 evaluated, 2 expanded, t=0.38s]
Best heuristic value: 4 [g=3, 34 evaluated, 3 expanded, t=0.42s]
Best heuristic value: 3 [g=4, 44 evaluated, 4 expanded, t=0.44s]
Best heuristic value: 2 [g=5, 58 evaluated, 5 expanded, t=0.46s]
Best heuristic value: 1 [g=6, 70 evaluated, 6 expanded, t=0.48s]
Best heuristic value: 0 [g=7, 84 evaluated, 7 expanded, t=0.5s]
Solution found!
Actual search time: 0.16s [t=0.5s]
vspin_1or2 car0 x10 x00 x01 (1)
hmovebackward car0 x00 x01 x02 (1)
vspin_1or2 car1 x03 x13 x12 (1)
hmovebackward car0 x01 x02 x03 (1)
hmovebackward car0 x02 x03 x04 (1)
hmovebackward car0 x03 x04 x05 (1)
hspin_1or2 car0 x04 x05 x15 (1)
Plan length: 7 step(s).
Plan cost: 7
Initial state h value: 7.
Expanded 8 state(s).
Reopened 0 state(s).
Evaluated 97 state(s).
Evaluations: 97
Generated 103 state(s).
Dead ends: 0 state(s).
Expanded until last jump: 0 state(s).
Reopened until last jump: 0 state(s).
Evaluated until last jump: 1 state(s).
Generated until last jump: 0 state(s).
Search space hash size: 97
Search space hash bucket count: 193
Search time: 0.18s
Total time: 0.5s
Peak memory: 10028 KB
