Dispatcher selected state size 1.
This is a unit task.
Simplifying transitions... done!
Conducting best first search with reopening closed nodes, (real) bound = 2147483647
Initializing landmark cut heuristic...
f = 7 [1 evaluated, 0 expanded, t=0.26s]
Best heuristic value: 7 [g=0, 1 evaluated, 0 expanded, t=0.26s]
f = 8 [6 evaluated, 1 expanded, t=0.26s]
Best heuristic value: 6 [g=2, 7 evaluated, 2 expanded, t=0.26s]
Best heuristic value: 5 [g=3, 22 evaluated, 3 expanded, t=0.3s]
Best heuristic value: 4 [g=4, 24 evaluated, 4 expanded, t=0.3s]
Best heuristic value: 3 [g=5, 34 evaluated, 5 expanded, t=0.32s]
Best heuristic value: 2 [g=6, 43 evaluated, 6 expanded, t=0.32s]
Best heuristic value: 1 [g=7, 52 evaluated, 7 expanded, t=0.34s]
Best heuristic value: 0 [g=8, 63 evaluated, 8 expanded, t=0.34s]
Solution found!
Actual search time: 0.1s [t=0.36s]
vmoveforward car1 x11 x01 x21 (1)
vspin_1or2 car0 x10 x00 x01 (1)
vspin_3or4 car2 x12 x02 x13 (1)
hmovebackward car0 x00 x01 x02 (1)
hmovebackward car0 x01 x02 x03 (1)
hmovebackward car0 x02 x03 x04 (1)
hmovebackward car0 x03 x04 x05 (1)
hspin_1or2 car0 x04 x05 x15 (1)
Plan length: 8 step(s).
Plan cost: 8
Initial state h value: 7.
Expanded 9 state(s).
Reopened 0 state(s).
Evaluated 73 state(s).
Evaluations: 73
Generated 79 state(s).
Dead ends: 0 state(s).
Expanded until last jump: 1 state(s).
Reopened until last jump: 0 state(s).
Evaluated until last jump: 6 state(s).
Generated until last jump: 5 state(s).
Search space hash size: 73
Search space hash bucket count: 193
Search time: 0.12s
Total time: 0.36s
Peak memory: 8528 KB
