Dispatcher selected state size 1.
This is a unit task.
Simplifying transitions... done!
Conducting best first search with reopening closed nodes, (real) bound = 2147483647
Initializing landmark cut heuristic...
f = 6 [1 evaluated, 0 expanded, t=0.08s]
Best heuristic value: 6 [g=0, 1 evaluated, 0 expanded, t=0.08s]
Best heuristic value: 5 [g=1, 2 evaluated, 1 expanded, t=0.08s]
Best heuristic value: 4 [g=2, 5 evaluated, 2 expanded, t=0.08s]
Best heuristic value: 3 [g=3, 8 evaluated, 3 expanded, t=0.08s]
Best heuristic value: 2 [g=4, 10 evaluated, 4 expanded, t=0.08s]
Best heuristic value: 1 [g=5, 12 evaluated, 5 expanded, t=0.08s]
Best heuristic value: 0 [g=6, 14 evaluated, 6 expanded, t=0.08s]
Solution found!
Actual search time: 0s [t=0.08s]
vspin_1or2 car0 x10 x00 x01 (1)
hmovebackward car0 x00 x01 x02 (1)
hmovebackward car0 x01 x02 x03 (1)
hmovebackward car0 x02 x03 x04 (1)
hmovebackward car0 x03 x04 x05 (1)
hspin_1or2 car0 x04 x05 x15 (1)
Plan length: 6 step(s).
Plan cost: 6
Initial state h value: 6.
Expanded 7 state(s).
Reopened 0 state(s).
Evaluated 14 state(s).
Evaluations: 14
Generated 21 state(s).
Dead ends: 0 state(s).
Expanded until last jump: 0 state(s).
Reopened until last jump: 0 state(s).
Evaluated until last jump: 1 state(s).
Generated until last jump: 0 state(s).
Search space hash size: 14
Search space hash bucket count: 193
Search time: 0s
Total time: 0.08s
Peak memory: 4640 KB
